[ 55450.254] (--) Log file renamed from "/home/cjie/.local/share/xorg/Xorg.pid-20442.log" to "/home/cjie/.local/share/xorg/Xorg.0.log"
[ 55450.257] 
X.Org X Server 1.20.9
X Protocol Version 11, Revision 0
[ 55450.258] Build Operating System: Linux 4.15.0-130-generic x86_64 Ubuntu
[ 55450.258] Current Operating System: Linux cjie-MBA 5.8.0-43-generic #49~20.04.1-Ubuntu SMP Fri Feb 5 09:57:56 UTC 2021 x86_64
[ 55450.258] Kernel command line: BOOT_IMAGE=/boot/vmlinuz-5.8.0-43-generic root=UUID=46f49a12-f48a-46ed-90af-45409fbf6c6c ro quiet splash vt.handoff=7
[ 55450.259] Build Date: 17 January 2021  09:13:31AM
[ 55450.259] xorg-server 2:1.20.9-2ubuntu1.2~20.04.1 (For technical support please see http://www.ubuntu.com/support) 
[ 55450.259] Current version of pixman: 0.38.4
[ 55450.260] 	Before reporting problems, check http://wiki.x.org
	to make sure that you have the latest version.
[ 55450.260] Markers: (--) probed, (**) from config file, (==) default setting,
	(++) from command line, (!!) notice, (II) informational,
	(WW) warning, (EE) error, (NI) not implemented, (??) unknown.
[ 55450.262] (==) Log file: "/home/cjie/.local/share/xorg/Xorg.0.log", Time: Mon Feb 22 09:18:06 2021
[ 55450.264] (==) Using system config directory "/usr/share/X11/xorg.conf.d"
[ 55450.266] (==) No Layout section.  Using the first Screen section.
[ 55450.266] (==) No screen section available. Using defaults.
[ 55450.266] (**) |-->Screen "Default Screen Section" (0)
[ 55450.266] (**) |   |-->Monitor "<default monitor>"
[ 55450.267] (==) No monitor specified for screen "Default Screen Section".
	Using a default monitor configuration.
[ 55450.267] (==) Automatically adding devices
[ 55450.267] (==) Automatically enabling devices
[ 55450.267] (==) Automatically adding GPU devices
[ 55450.268] (==) Automatically binding GPU devices
[ 55450.268] (==) Max clients allowed: 256, resource mask: 0x1fffff
[ 55450.268] (WW) The directory "/usr/share/fonts/X11/cyrillic" does not exist.
[ 55450.268] 	Entry deleted from font path.
[ 55450.268] (WW) The directory "/usr/share/fonts/X11/100dpi/" does not exist.
[ 55450.268] 	Entry deleted from font path.
[ 55450.268] (WW) The directory "/usr/share/fonts/X11/75dpi/" does not exist.
[ 55450.268] 	Entry deleted from font path.
[ 55450.268] (WW) The directory "/usr/share/fonts/X11/100dpi" does not exist.
[ 55450.268] 	Entry deleted from font path.
[ 55450.268] (WW) The directory "/usr/share/fonts/X11/75dpi" does not exist.
[ 55450.268] 	Entry deleted from font path.
[ 55450.268] (==) FontPath set to:
	/usr/share/fonts/X11/misc,
	/usr/share/fonts/X11/Type1,
	built-ins
[ 55450.268] (==) ModulePath set to "/usr/lib/xorg/modules"
[ 55450.268] (II) The server relies on udev to provide the list of input devices.
	If no devices become available, reconfigure udev or disable AutoAddDevices.
[ 55450.268] (II) Loader magic: 0x5577074e2020
[ 55450.268] (II) Module ABI versions:
[ 55450.268] 	X.Org ANSI C Emulation: 0.4
[ 55450.268] 	X.Org Video Driver: 24.1
[ 55450.268] 	X.Org XInput driver : 24.1
[ 55450.268] 	X.Org Server Extension : 10.0
[ 55450.279] (++) using VT number 2

[ 55450.288] (II) systemd-logind: took control of session /org/freedesktop/login1/session/_331
[ 55450.289] (II) xfree86: Adding drm device (/dev/dri/card0)
[ 55450.292] (II) systemd-logind: got fd for /dev/dri/card0 226:0 fd 12 paused 0
[ 55450.340] (--) PCI:*(2@0:0:0) 10de:08a2:106b:00d4 rev 162, Mem @ 0x92000000/16777216, 0x80000000/268435456, 0x90000000/33554432, I/O @ 0x00001000/128, BIOS @ 0x????????/131072
[ 55450.341] (II) LoadModule: "glx"
[ 55450.345] (II) Loading /usr/lib/xorg/modules/extensions/libglx.so
[ 55450.348] (II) Module glx: vendor="X.Org Foundation"
[ 55450.348] 	compiled for 1.20.9, module version = 1.0.0
[ 55450.349] 	ABI class: X.Org Server Extension, version 10.0
[ 55450.544] (==) Matched modesetting as autoconfigured driver 0
[ 55450.544] (==) Matched fbdev as autoconfigured driver 1
[ 55450.544] (==) Matched vesa as autoconfigured driver 2
[ 55450.544] (==) Assigned the driver to the xf86ConfigLayout
[ 55450.544] (II) LoadModule: "modesetting"
[ 55450.545] (II) Loading /usr/lib/xorg/modules/drivers/modesetting_drv.so
[ 55450.546] (II) Module modesetting: vendor="X.Org Foundation"
[ 55450.546] 	compiled for 1.20.9, module version = 1.20.9
[ 55450.546] 	Module class: X.Org Video Driver
[ 55450.546] 	ABI class: X.Org Video Driver, version 24.1
[ 55450.546] (II) LoadModule: "fbdev"
[ 55450.546] (II) Loading /usr/lib/xorg/modules/drivers/fbdev_drv.so
[ 55450.547] (II) Module fbdev: vendor="X.Org Foundation"
[ 55450.547] 	compiled for 1.20.1, module version = 0.5.0
[ 55450.547] 	Module class: X.Org Video Driver
[ 55450.547] 	ABI class: X.Org Video Driver, version 24.0
[ 55450.547] (II) LoadModule: "vesa"
[ 55450.547] (II) Loading /usr/lib/xorg/modules/drivers/vesa_drv.so
[ 55450.547] (II) Module vesa: vendor="X.Org Foundation"
[ 55450.547] 	compiled for 1.20.4, module version = 2.4.0
[ 55450.547] 	Module class: X.Org Video Driver
[ 55450.547] 	ABI class: X.Org Video Driver, version 24.0
[ 55450.548] (II) modesetting: Driver for Modesetting Kernel Drivers: kms
[ 55450.548] (II) FBDEV: driver for framebuffer: fbdev
[ 55450.548] (II) VESA: driver for VESA chipsets: vesa
[ 55450.548] xf86EnableIOPorts: failed to set IOPL for I/O (Operation not permitted)
[ 55450.548] (II) modeset(0): using drv /dev/dri/card0
[ 55450.548] (WW) Falling back to old probe method for fbdev
[ 55450.548] (II) Loading sub module "fbdevhw"
[ 55450.548] (II) LoadModule: "fbdevhw"
[ 55450.548] (II) Loading /usr/lib/xorg/modules/libfbdevhw.so
[ 55450.549] (II) Module fbdevhw: vendor="X.Org Foundation"
[ 55450.549] 	compiled for 1.20.9, module version = 0.0.2
[ 55450.549] 	ABI class: X.Org Video Driver, version 24.1
[ 55450.549] (EE) open /dev/fb0: Permission denied
[ 55450.549] (WW) VGA arbiter: cannot open kernel arbiter, no multi-card support
[ 55450.551] (II) modeset(0): Creating default Display subsection in Screen section
	"Default Screen Section" for depth/fbbpp 24/32
[ 55450.551] (==) modeset(0): Depth 24, (==) framebuffer bpp 32
[ 55450.551] (==) modeset(0): RGB weight 888
[ 55450.551] (==) modeset(0): Default visual is TrueColor
[ 55450.551] (II) Loading sub module "glamoregl"
[ 55450.551] (II) LoadModule: "glamoregl"
[ 55450.551] (II) Loading /usr/lib/xorg/modules/libglamoregl.so
[ 55450.584] (II) Module glamoregl: vendor="X.Org Foundation"
[ 55450.584] 	compiled for 1.20.9, module version = 1.0.1
[ 55450.584] 	ABI class: X.Org ANSI C Emulation, version 0.4
[ 55450.785] (II) modeset(0): glamor X acceleration enabled on NVAF
[ 55450.785] (II) modeset(0): glamor initialized
[ 55450.796] (II) modeset(0): Output eDP-1 has no monitor section
[ 55450.929] (II) modeset(0): Output DP-1 has no monitor section
[ 55450.995] (II) modeset(0): EDID for output eDP-1
[ 55450.996] (II) modeset(0): Manufacturer: APP  Model: 9cf3  Serial#: 0
[ 55450.996] (II) modeset(0): Year: 2010  Week: 35
[ 55451.000] (II) modeset(0): EDID Version: 1.3
[ 55451.000] (II) modeset(0): Digital Display Input
[ 55451.000] (II) modeset(0): Max Image Size [cm]: horiz.: 26  vert.: 14
[ 55451.001] (II) modeset(0): Gamma: 2.20
[ 55451.001] (II) modeset(0): No DPMS capabilities specified
[ 55451.001] (II) modeset(0): Supported color encodings: RGB 4:4:4 YCrCb 4:4:4 
[ 55451.001] (II) modeset(0): First detailed timing is preferred mode
[ 55451.001] (II) modeset(0): redX: 0.593 redY: 0.342   greenX: 0.331 greenY: 0.573
[ 55451.001] (II) modeset(0): blueX: 0.152 blueY: 0.133   whiteX: 0.313 whiteY: 0.329
[ 55451.001] (II) modeset(0): Manufacturer's mask: 0
[ 55451.001] (II) modeset(0): Supported detailed timing:
[ 55451.001] (II) modeset(0): clock: 72.0 MHz   Image Size:  0 x 144 mm
[ 55451.001] (II) modeset(0): h_active: 1366  h_sync: 1380  h_sync_end 1436 h_blank_end 1500 h_border: 0
[ 55451.001] (II) modeset(0): v_active: 768  v_sync: 769  v_sync_end 772 v_blanking: 800 v_border: 0
[ 55451.001] (II) modeset(0): Unknown vendor-specific block 1
[ 55451.001] (II) modeset(0):  LTH116AT01A01
[ 55451.001] (II) modeset(0): Monitor name: Color LCD
[ 55451.001] (II) modeset(0): EDID (in hex):
[ 55451.001] (II) modeset(0): 	00ffffffffffff000610f39c00000000
[ 55451.001] (II) modeset(0): 	23140103801a0e780aef059757549227
[ 55451.001] (II) modeset(0): 	22505400000001010101010101010101
[ 55451.001] (II) modeset(0): 	010101010101201c5686500020300e38
[ 55451.001] (II) modeset(0): 	13000090000000180000000100061020
[ 55451.002] (II) modeset(0): 	00000000000000000a20000000fe004c
[ 55451.002] (II) modeset(0): 	544831313641543031413031000000fc
[ 55451.002] (II) modeset(0): 	00436f6c6f72204c43440a20202000af
[ 55451.002] (II) modeset(0): Printing probed modes for output eDP-1
[ 55451.002] (II) modeset(0): Modeline "1366x768"x60.0   72.00  1366 1380 1436 1500  768 769 772 800 -hsync -vsync (48.0 kHz eP)
[ 55451.002] (II) modeset(0): Modeline "1360x768"x59.8   84.75  1360 1432 1568 1776  768 771 781 798 -hsync +vsync (47.7 kHz d)
[ 55451.002] (II) modeset(0): Modeline "1360x768"x60.0   72.00  1360 1408 1440 1520  768 771 781 790 +hsync -vsync (47.4 kHz d)
[ 55451.002] (II) modeset(0): Modeline "1280x720"x120.0  156.12  1280 1376 1512 1744  720 721 724 746 doublescan -hsync +vsync (89.5 kHz d)
[ 55451.002] (II) modeset(0): Modeline "1280x720"x120.0  120.75  1280 1304 1320 1360  720 721 724 740 doublescan +hsync -vsync (88.8 kHz d)
[ 55451.002] (II) modeset(0): Modeline "1280x720"x59.9   74.50  1280 1344 1472 1664  720 723 728 748 -hsync +vsync (44.8 kHz d)
[ 55451.002] (II) modeset(0): Modeline "1280x720"x59.7   63.75  1280 1328 1360 1440  720 723 728 741 +hsync -vsync (44.3 kHz d)
[ 55451.003] (II) modeset(0): Modeline "1024x768"x120.1  133.47  1024 1100 1212 1400  768 768 770 794 doublescan -hsync +vsync (95.3 kHz d)
[ 55451.003] (II) modeset(0): Modeline "1024x768"x60.0   65.00  1024 1048 1184 1344  768 771 777 806 -hsync -vsync (48.4 kHz d)
[ 55451.003] (II) modeset(0): Modeline "1024x768"x59.9   63.53  1024 1072 1176 1328  768 771 775 798 -hsync +vsync (47.8 kHz)
[ 55451.003] (II) modeset(0): Modeline "960x720"x120.0  117.00  960 1024 1128 1300  720 720 722 750 doublescan -hsync +vsync (90.0 kHz d)
[ 55451.003] (II) modeset(0): Modeline "928x696"x120.1  109.15  928 976 1088 1264  696 696 698 719 doublescan -hsync +vsync (86.4 kHz d)
[ 55451.003] (II) modeset(0): Modeline "896x672"x120.0  102.40  896 960 1060 1224  672 672 674 697 doublescan -hsync +vsync (83.7 kHz d)
[ 55451.003] (II) modeset(0): Modeline "1024x576"x119.9   98.50  1024 1092 1200 1376  576 577 580 597 doublescan -hsync +vsync (71.6 kHz d)
[ 55451.003] (II) modeset(0): Modeline "1024x576"x119.9   78.38  1024 1048 1064 1104  576 577 580 592 doublescan +hsync -vsync (71.0 kHz d)
[ 55451.003] (II) modeset(0): Modeline "1024x576"x59.9   46.50  1024 1064 1160 1296  576 579 584 599 -hsync +vsync (35.9 kHz d)
[ 55451.003] (II) modeset(0): Modeline "1024x576"x59.8   42.00  1024 1072 1104 1184  576 579 584 593 +hsync -vsync (35.5 kHz d)
[ 55451.003] (II) modeset(0): Modeline "960x600"x119.9   96.62  960 1028 1128 1296  600 601 604 622 doublescan -hsync +vsync (74.6 kHz d)
[ 55451.003] (II) modeset(0): Modeline "960x600"x120.0   77.00  960 984 1000 1040  600 601 604 617 doublescan +hsync -vsync (74.0 kHz d)
[ 55451.003] (II) modeset(0): Modeline "960x540"x119.9   86.50  960 1024 1124 1288  540 541 544 560 doublescan -hsync +vsync (67.2 kHz d)
[ 55451.003] (II) modeset(0): Modeline "960x540"x120.0   69.25  960 984 1000 1040  540 541 544 555 doublescan +hsync -vsync (66.6 kHz d)
[ 55451.003] (II) modeset(0): Modeline "960x540"x59.6   40.75  960 992 1088 1216  540 543 548 562 -hsync +vsync (33.5 kHz d)
[ 55451.003] (II) modeset(0): Modeline "960x540"x59.8   37.25  960 1008 1040 1120  540 543 548 556 +hsync -vsync (33.3 kHz d)
[ 55451.003] (II) modeset(0): Modeline "800x600"x120.0   81.00  800 832 928 1080  600 600 602 625 doublescan +hsync +vsync (75.0 kHz d)
[ 55451.003] (II) modeset(0): Modeline "800x600"x60.3   40.00  800 840 968 1056  600 601 605 628 +hsync +vsync (37.9 kHz d)
[ 55451.003] (II) modeset(0): Modeline "800x600"x60.0   38.31  800 832 912 1024  600 603 607 624 -hsync +vsync (37.4 kHz)
[ 55451.003] (II) modeset(0): Modeline "800x600"x56.2   36.00  800 824 896 1024  600 601 603 625 +hsync +vsync (35.2 kHz d)
[ 55451.003] (II) modeset(0): Modeline "840x525"x120.0   73.12  840 892 980 1120  525 526 529 544 doublescan -hsync +vsync (65.3 kHz d)
[ 55451.003] (II) modeset(0): Modeline "840x525"x119.8   59.50  840 864 880 920  525 526 529 540 doublescan +hsync -vsync (64.7 kHz d)
[ 55451.003] (II) modeset(0): Modeline "864x486"x59.9   32.50  864 888 968 1072  486 489 494 506 -hsync +vsync (30.3 kHz d)
[ 55451.003] (II) modeset(0): Modeline "864x486"x59.6   30.50  864 912 944 1024  486 489 494 500 +hsync -vsync (29.8 kHz d)
[ 55451.003] (II) modeset(0): Modeline "800x512"x120.3   51.56  800 800 828 832  512 512 514 515 doublescan +hsync +vsync (62.0 kHz d)
[ 55451.003] (II) modeset(0): Modeline "700x525"x120.0   61.00  700 744 820 940  525 526 532 541 doublescan +hsync +vsync (64.9 kHz d)
[ 55451.003] (II) modeset(0): Modeline "800x450"x119.9   59.12  800 848 928 1056  450 451 454 467 doublescan -hsync +vsync (56.0 kHz d)
[ 55451.003] (II) modeset(0): Modeline "800x450"x119.6   48.75  800 824 840 880  450 451 454 463 doublescan +hsync -vsync (55.4 kHz d)
[ 55451.003] (II) modeset(0): Modeline "640x512"x120.0   54.00  640 664 720 844  512 512 514 533 doublescan +hsync +vsync (64.0 kHz d)
[ 55451.004] (II) modeset(0): Modeline "720x450"x119.8   53.25  720 760 836 952  450 451 454 467 doublescan -hsync +vsync (55.9 kHz d)
[ 55451.004] (II) modeset(0): Modeline "700x450"x119.9   51.75  700 740 812 924  450 451 456 467 doublescan -hsync +vsync (56.0 kHz d)
[ 55451.004] (II) modeset(0): Modeline "700x450"x119.8   43.25  700 724 740 780  450 451 456 463 doublescan +hsync -vsync (55.4 kHz d)
[ 55451.004] (II) modeset(0): Modeline "640x480"x120.0   54.00  640 688 744 900  480 480 482 500 doublescan +hsync +vsync (60.0 kHz d)
[ 55451.004] (II) modeset(0): Modeline "640x480"x59.9   25.18  640 656 752 800  480 490 492 525 -hsync -vsync (31.5 kHz d)
[ 55451.004] (II) modeset(0): Modeline "720x405"x59.5   22.50  720 744 808 896  405 408 413 422 -hsync +vsync (25.1 kHz d)
[ 55451.004] (II) modeset(0): Modeline "720x405"x59.0   21.75  720 768 800 880  405 408 413 419 +hsync -vsync (24.7 kHz d)
[ 55451.004] (II) modeset(0): Modeline "684x384"x119.8   42.62  684 720 788 892  384 385 390 399 doublescan -hsync +vsync (47.8 kHz d)
[ 55451.004] (II) modeset(0): Modeline "684x384"x119.7   36.12  684 708 724 764  384 385 390 395 doublescan +hsync -vsync (47.3 kHz d)
[ 55451.004] (II) modeset(0): Modeline "680x384"x119.6   42.38  680 716 784 888  384 385 390 399 doublescan -hsync +vsync (47.7 kHz d)
[ 55451.004] (II) modeset(0): Modeline "680x384"x119.9   36.00  680 704 720 760  384 385 390 395 doublescan +hsync -vsync (47.4 kHz d)
[ 55451.004] (II) modeset(0): Modeline "640x400"x119.8   41.75  640 676 740 840  400 401 404 415 doublescan -hsync +vsync (49.7 kHz d)
[ 55451.004] (II) modeset(0): Modeline "640x400"x120.0   35.50  640 664 680 720  400 401 404 411 doublescan +hsync -vsync (49.3 kHz d)
[ 55451.029] (II) modeset(0): Modeline "576x432"x120.1   40.81  576 608 668 760  432 432 434 447 doublescan -hsync +vsync (53.7 kHz d)
[ 55451.029] (II) modeset(0): Modeline "640x360"x119.7   37.25  640 672 736 832  360 361 364 374 doublescan -hsync +vsync (44.8 kHz d)
[ 55451.029] (II) modeset(0): Modeline "640x360"x119.7   31.88  640 664 680 720  360 361 364 370 doublescan +hsync -vsync (44.3 kHz d)
[ 55451.029] (II) modeset(0): Modeline "640x360"x59.8   18.00  640 664 720 800  360 363 368 376 -hsync +vsync (22.5 kHz d)
[ 55451.029] (II) modeset(0): Modeline "640x360"x59.3   17.75  640 688 720 800  360 363 368 374 +hsync -vsync (22.2 kHz d)
[ 55451.029] (II) modeset(0): Modeline "512x384"x120.0   32.50  512 524 592 672  384 385 388 403 doublescan -hsync -vsync (48.4 kHz d)
[ 55451.030] (II) modeset(0): Modeline "512x288"x120.0   23.25  512 532 580 648  288 289 292 299 doublescan -hsync +vsync (35.9 kHz d)
[ 55451.030] (II) modeset(0): Modeline "512x288"x119.8   21.00  512 536 552 592  288 289 292 296 doublescan +hsync -vsync (35.5 kHz d)
[ 55451.030] (II) modeset(0): Modeline "480x270"x119.3   20.38  480 496 544 608  270 271 274 281 doublescan -hsync +vsync (33.5 kHz d)
[ 55451.030] (II) modeset(0): Modeline "480x270"x119.6   18.62  480 504 520 560  270 271 274 278 doublescan +hsync -vsync (33.3 kHz d)
[ 55451.030] (II) modeset(0): Modeline "400x300"x120.6   20.00  400 420 484 528  300 300 302 314 doublescan +hsync +vsync (37.9 kHz d)
[ 55451.030] (II) modeset(0): Modeline "400x300"x112.7   18.00  400 412 448 512  300 300 301 312 doublescan +hsync +vsync (35.2 kHz d)
[ 55451.030] (II) modeset(0): Modeline "432x243"x119.8   16.25  432 444 484 536  243 244 247 253 doublescan -hsync +vsync (30.3 kHz d)
[ 55451.030] (II) modeset(0): Modeline "432x243"x119.1   15.25  432 456 472 512  243 244 247 250 doublescan +hsync -vsync (29.8 kHz d)
[ 55451.030] (II) modeset(0): Modeline "320x240"x120.1   12.59  320 328 376 400  240 245 246 262 doublescan -hsync -vsync (31.5 kHz d)
[ 55451.030] (II) modeset(0): Modeline "360x202"x119.0   11.25  360 372 404 448  202 204 206 211 doublescan -hsync +vsync (25.1 kHz d)
[ 55451.030] (II) modeset(0): Modeline "360x202"x118.3   10.88  360 384 400 440  202 204 206 209 doublescan +hsync -vsync (24.7 kHz d)
[ 55451.030] (II) modeset(0): Modeline "320x180"x119.7    9.00  320 332 360 400  180 181 184 188 doublescan -hsync +vsync (22.5 kHz d)
[ 55451.030] (II) modeset(0): Modeline "320x180"x118.6    8.88  320 344 360 400  180 181 184 187 doublescan +hsync -vsync (22.2 kHz d)
[ 55451.176] (II) modeset(0): EDID for output DP-1
[ 55451.177] (II) modeset(0): Output eDP-1 connected
[ 55451.177] (II) modeset(0): Output DP-1 disconnected
[ 55451.177] (II) modeset(0): Using exact sizes for initial modes
[ 55451.177] (II) modeset(0): Output eDP-1 using initial mode 1366x768 +0+0
[ 55451.178] (==) modeset(0): Using gamma correction (1.0, 1.0, 1.0)
[ 55451.178] (==) modeset(0): DPI set to (96, 96)
[ 55451.179] (II) Loading sub module "fb"
[ 55451.179] (II) LoadModule: "fb"
[ 55451.179] (II) Loading /usr/lib/xorg/modules/libfb.so
[ 55451.198] (II) Module fb: vendor="X.Org Foundation"
[ 55451.198] 	compiled for 1.20.9, module version = 1.0.0
[ 55451.198] 	ABI class: X.Org ANSI C Emulation, version 0.4
[ 55451.198] (II) UnloadModule: "fbdev"
[ 55451.198] (II) Unloading fbdev
[ 55451.198] (II) UnloadSubModule: "fbdevhw"
[ 55451.198] (II) Unloading fbdevhw
[ 55451.198] (II) UnloadModule: "vesa"
[ 55451.199] (II) Unloading vesa
[ 55451.373] (==) modeset(0): Backing store enabled
[ 55451.373] (==) modeset(0): Silken mouse enabled
[ 55451.379] (II) modeset(0): Initializing kms color map for depth 24, 8 bpc.
[ 55451.380] (==) modeset(0): DPMS enabled
[ 55451.391] (II) modeset(0): [DRI2] Setup complete
[ 55451.391] (II) modeset(0): [DRI2]   DRI driver: nouveau
[ 55451.391] (II) modeset(0): [DRI2]   VDPAU driver: nouveau
[ 55451.391] (II) Initializing extension Generic Event Extension
[ 55451.392] (II) Initializing extension SHAPE
[ 55451.392] (II) Initializing extension MIT-SHM
[ 55451.392] (II) Initializing extension XInputExtension
[ 55451.395] (II) Initializing extension XTEST
[ 55451.396] (II) Initializing extension BIG-REQUESTS
[ 55451.396] (II) Initializing extension SYNC
[ 55451.396] (II) Initializing extension XKEYBOARD
[ 55451.402] (II) Initializing extension XC-MISC
[ 55451.403] (II) Initializing extension SECURITY
[ 55451.403] (II) Initializing extension XFIXES
[ 55451.403] (II) Initializing extension RENDER
[ 55451.404] (II) Initializing extension RANDR
[ 55451.404] (II) Initializing extension COMPOSITE
[ 55451.405] (II) Initializing extension DAMAGE
[ 55451.405] (II) Initializing extension MIT-SCREEN-SAVER
[ 55451.405] (II) Initializing extension DOUBLE-BUFFER
[ 55451.406] (II) Initializing extension RECORD
[ 55451.406] (II) Initializing extension DPMS
[ 55451.406] (II) Initializing extension Present
[ 55451.407] (II) Initializing extension DRI3
[ 55451.407] (II) Initializing extension X-Resource
[ 55451.408] (II) Initializing extension XVideo
[ 55451.408] (II) Initializing extension XVideo-MotionCompensation
[ 55451.408] (II) Initializing extension SELinux
[ 55451.408] (II) SELinux: Disabled on system
[ 55451.408] (II) Initializing extension GLX
[ 55451.425] (II) AIGLX: Loaded and initialized nouveau
[ 55451.425] (II) GLX: Initialized DRI2 GL provider for screen 0
[ 55451.426] (II) Initializing extension XFree86-VidModeExtension
[ 55451.426] (II) Initializing extension XFree86-DGA
[ 55451.427] (II) Initializing extension XFree86-DRI
[ 55451.427] (II) Initializing extension DRI2
[ 55451.432] (II) modeset(0): Damage tracking initialized
[ 55451.432] (II) modeset(0): Setting screen physical size to 361 x 203
[ 55451.604] (II) config/udev: Adding input device Power Button (/dev/input/event3)
[ 55451.604] (**) Power Button: Applying InputClass "libinput keyboard catchall"
[ 55451.604] (II) LoadModule: "libinput"
[ 55451.606] (II) Loading /usr/lib/xorg/modules/input/libinput_drv.so
[ 55451.615] (II) Module libinput: vendor="X.Org Foundation"
[ 55451.615] 	compiled for 1.20.4, module version = 0.29.0
[ 55451.615] 	Module class: X.Org XInput Driver
[ 55451.616] 	ABI class: X.Org XInput driver, version 24.1
[ 55451.616] (II) Using input driver 'libinput' for 'Power Button'
[ 55451.620] (II) systemd-logind: got fd for /dev/input/event3 13:67 fd 24 paused 0
[ 55451.620] (**) Power Button: always reports core events
[ 55451.620] (**) Option "Device" "/dev/input/event3"
[ 55451.621] (**) Option "_source" "server/udev"
[ 55451.628] (II) event3  - Power Button: is tagged by udev as: Keyboard
[ 55451.628] (II) event3  - Power Button: device is a keyboard
[ 55451.629] (II) event3  - Power Button: device removed
[ 55451.629] (**) Option "config_info" "udev:/sys/devices/LNXSYSTM:00/LNXPWRBN:00/input/input3/event3"
[ 55451.630] (II) XINPUT: Adding extended input device "Power Button" (type: KEYBOARD, id 6)
[ 55451.630] (**) Option "xkb_model" "pc105"
[ 55451.630] (**) Option "xkb_layout" "us"
[ 55451.633] (II) event3  - Power Button: is tagged by udev as: Keyboard
[ 55451.634] (II) event3  - Power Button: device is a keyboard
[ 55451.637] (II) config/udev: Adding input device Video Bus (/dev/input/event4)
[ 55451.637] (**) Video Bus: Applying InputClass "libinput keyboard catchall"
[ 55451.638] (II) Using input driver 'libinput' for 'Video Bus'
[ 55451.641] (II) systemd-logind: got fd for /dev/input/event4 13:68 fd 27 paused 0
[ 55451.642] (**) Video Bus: always reports core events
[ 55451.642] (**) Option "Device" "/dev/input/event4"
[ 55451.642] (**) Option "_source" "server/udev"
[ 55451.646] (II) event4  - Video Bus: is tagged by udev as: Keyboard
[ 55451.647] (II) event4  - Video Bus: device is a keyboard
[ 55451.647] (II) event4  - Video Bus: device removed
[ 55451.647] (**) Option "config_info" "udev:/sys/devices/LNXSYSTM:00/LNXSYBUS:00/PNP0A08:00/device:2a/LNXVIDEO:00/input/input4/event4"
[ 55451.648] (II) XINPUT: Adding extended input device "Video Bus" (type: KEYBOARD, id 7)
[ 55451.648] (**) Option "xkb_model" "pc105"
[ 55451.649] (**) Option "xkb_layout" "us"
[ 55451.654] (II) event4  - Video Bus: is tagged by udev as: Keyboard
[ 55451.654] (II) event4  - Video Bus: device is a keyboard
[ 55451.657] (II) config/udev: Adding input device Power Button (/dev/input/event1)
[ 55451.657] (**) Power Button: Applying InputClass "libinput keyboard catchall"
[ 55451.658] (II) Using input driver 'libinput' for 'Power Button'
[ 55451.662] (II) systemd-logind: got fd for /dev/input/event1 13:65 fd 28 paused 0
[ 55451.662] (**) Power Button: always reports core events
[ 55451.662] (**) Option "Device" "/dev/input/event1"
[ 55451.663] (**) Option "_source" "server/udev"
[ 55451.666] (II) event1  - Power Button: is tagged by udev as: Keyboard
[ 55451.666] (II) event1  - Power Button: device is a keyboard
[ 55451.667] (II) event1  - Power Button: device removed
[ 55451.667] (**) Option "config_info" "udev:/sys/devices/LNXSYSTM:00/LNXSYBUS:00/PNP0C0C:00/input/input1/event1"
[ 55451.667] (II) XINPUT: Adding extended input device "Power Button" (type: KEYBOARD, id 8)
[ 55451.668] (**) Option "xkb_model" "pc105"
[ 55451.668] (**) Option "xkb_layout" "us"
[ 55451.672] (II) event1  - Power Button: is tagged by udev as: Keyboard
[ 55451.672] (II) event1  - Power Button: device is a keyboard
[ 55451.675] (II) config/udev: Adding input device Lid Switch (/dev/input/event0)
[ 55451.675] (II) No input driver specified, ignoring this device.
[ 55451.675] (II) This device may have been added with another device file.
[ 55451.677] (II) config/udev: Adding input device Sleep Button (/dev/input/event2)
[ 55451.677] (**) Sleep Button: Applying InputClass "libinput keyboard catchall"
[ 55451.678] (II) Using input driver 'libinput' for 'Sleep Button'
[ 55451.681] (II) systemd-logind: got fd for /dev/input/event2 13:66 fd 29 paused 0
[ 55451.681] (**) Sleep Button: always reports core events
[ 55451.682] (**) Option "Device" "/dev/input/event2"
[ 55451.682] (**) Option "_source" "server/udev"
[ 55451.685] (II) event2  - Sleep Button: is tagged by udev as: Keyboard
[ 55451.686] (II) event2  - Sleep Button: device is a keyboard
[ 55451.686] (II) event2  - Sleep Button: device removed
[ 55451.686] (**) Option "config_info" "udev:/sys/devices/LNXSYSTM:00/LNXSYBUS:00/PNP0C0E:00/input/input2/event2"
[ 55451.687] (II) XINPUT: Adding extended input device "Sleep Button" (type: KEYBOARD, id 9)
[ 55451.687] (**) Option "xkb_model" "pc105"
[ 55451.688] (**) Option "xkb_layout" "us"
[ 55451.691] (II) event2  - Sleep Button: is tagged by udev as: Keyboard
[ 55451.692] (II) event2  - Sleep Button: device is a keyboard
[ 55451.695] (II) config/udev: Adding input device RAPOO Rapoo 2.4G Wireless Device (/dev/input/event6)
[ 55451.696] (**) RAPOO Rapoo 2.4G Wireless Device: Applying InputClass "libinput pointer catchall"
[ 55451.696] (II) Using input driver 'libinput' for 'RAPOO Rapoo 2.4G Wireless Device'
[ 55451.760] (II) systemd-logind: got fd for /dev/input/event6 13:70 fd 30 paused 0
[ 55451.760] (**) RAPOO Rapoo 2.4G Wireless Device: always reports core events
[ 55451.760] (**) Option "Device" "/dev/input/event6"
[ 55451.760] (**) Option "_source" "server/udev"
[ 55451.764] (II) event6  - RAPOO Rapoo 2.4G Wireless Device: is tagged by udev as: Mouse
[ 55451.771] (II) event6  - RAPOO Rapoo 2.4G Wireless Device: device is a pointer
[ 55451.773] (II) event6  - RAPOO Rapoo 2.4G Wireless Device: device removed
[ 55451.773] (**) Option "config_info" "udev:/sys/devices/pci0000:00/0000:00:04.0/usb3/3-1/3-1:1.0/0003:24AE:1100.000D/input/input20/event6"
[ 55451.774] (II) XINPUT: Adding extended input device "RAPOO Rapoo 2.4G Wireless Device" (type: MOUSE, id 10)
[ 55451.774] (**) Option "AccelerationScheme" "none"
[ 55451.775] (**) RAPOO Rapoo 2.4G Wireless Device: (accel) selected scheme none/0
[ 55451.775] (**) RAPOO Rapoo 2.4G Wireless Device: (accel) acceleration factor: 2.000
[ 55451.775] (**) RAPOO Rapoo 2.4G Wireless Device: (accel) acceleration threshold: 4
[ 55451.789] (II) event6  - RAPOO Rapoo 2.4G Wireless Device: is tagged by udev as: Mouse
[ 55451.792] (II) event6  - RAPOO Rapoo 2.4G Wireless Device: device is a pointer
[ 55451.800] (II) config/udev: Adding input device RAPOO Rapoo 2.4G Wireless Device (/dev/input/mouse1)
[ 55451.800] (II) No input driver specified, ignoring this device.
[ 55451.801] (II) This device may have been added with another device file.
[ 55451.808] (II) config/udev: Adding input device Apple Inc. Apple Internal Keyboard / Trackpad (/dev/input/event5)
[ 55451.809] (**) Apple Inc. Apple Internal Keyboard / Trackpad: Applying InputClass "libinput keyboard catchall"
[ 55451.809] (II) Using input driver 'libinput' for 'Apple Inc. Apple Internal Keyboard / Trackpad'
[ 55451.813] (II) systemd-logind: got fd for /dev/input/event5 13:69 fd 31 paused 0
[ 55451.813] (**) Apple Inc. Apple Internal Keyboard / Trackpad: always reports core events
[ 55451.813] (**) Option "Device" "/dev/input/event5"
[ 55451.814] (**) Option "_source" "server/udev"
[ 55451.818] (II) event5  - Apple Inc. Apple Internal Keyboard / Trackpad: is tagged by udev as: Keyboard
[ 55451.820] (II) event5  - Apple Inc. Apple Internal Keyboard / Trackpad: device is a keyboard
[ 55451.821] (II) event5  - Apple Inc. Apple Internal Keyboard / Trackpad: device removed
[ 55451.822] (**) Option "config_info" "udev:/sys/devices/pci0000:00/0000:00:04.0/usb3/3-3/3-3:1.0/0003:05AC:0242.0007/input/input9/event5"
[ 55451.822] (II) XINPUT: Adding extended input device "Apple Inc. Apple Internal Keyboard / Trackpad" (type: KEYBOARD, id 11)
[ 55451.822] (**) Option "xkb_model" "pc105"
[ 55451.823] (**) Option "xkb_layout" "us"
[ 55451.829] (II) event5  - Apple Inc. Apple Internal Keyboard / Trackpad: is tagged by udev as: Keyboard
[ 55451.829] (II) event5  - Apple Inc. Apple Internal Keyboard / Trackpad: device is a keyboard
[ 55451.834] (II) config/udev: Adding input device bcm5974 (/dev/input/event8)
[ 55451.835] (**) bcm5974: Applying InputClass "libinput touchpad catchall"
[ 55451.835] (II) Using input driver 'libinput' for 'bcm5974'
[ 55451.859] (II) systemd-logind: got fd for /dev/input/event8 13:72 fd 32 paused 0
[ 55451.860] (**) bcm5974: always reports core events
[ 55451.860] (**) Option "Device" "/dev/input/event8"
[ 55451.860] (**) Option "_source" "server/udev"
[ 55451.866] (II) event8  - bcm5974: is tagged by udev as: Touchpad
[ 55451.869] (II) event8  - bcm5974: device is a touchpad
[ 55451.869] (II) event8  - bcm5974: device removed
[ 55451.870] (**) Option "config_info" "udev:/sys/devices/pci0000:00/0000:00:04.0/usb3/3-3/3-3:1.2/input/input17/event8"
[ 55451.870] (II) XINPUT: Adding extended input device "bcm5974" (type: TOUCHPAD, id 12)
[ 55451.871] (**) Option "AccelerationScheme" "none"
[ 55451.871] (**) bcm5974: (accel) selected scheme none/0
[ 55451.871] (**) bcm5974: (accel) acceleration factor: 2.000
[ 55451.871] (**) bcm5974: (accel) acceleration threshold: 4
[ 55451.874] (II) event8  - bcm5974: is tagged by udev as: Touchpad
[ 55451.881] (II) event8  - bcm5974: device is a touchpad
[ 55451.883] (II) config/udev: Adding input device bcm5974 (/dev/input/mouse0)
[ 55451.883] (II) No input driver specified, ignoring this device.
[ 55451.883] (II) This device may have been added with another device file.
[ 55451.885] (II) config/udev: Adding input device Built-in iSight: Built-in iSigh (/dev/input/event13)
[ 55451.885] (**) Built-in iSight: Built-in iSigh: Applying InputClass "libinput keyboard catchall"
[ 55451.885] (II) Using input driver 'libinput' for 'Built-in iSight: Built-in iSigh'
[ 55451.889] (II) systemd-logind: got fd for /dev/input/event13 13:77 fd 33 paused 0
[ 55451.889] (**) Built-in iSight: Built-in iSigh: always reports core events
[ 55451.889] (**) Option "Device" "/dev/input/event13"
[ 55451.889] (**) Option "_source" "server/udev"
[ 55451.892] (II) event13 - Built-in iSight: Built-in iSigh: is tagged by udev as: Keyboard
[ 55451.893] (II) event13 - Built-in iSight: Built-in iSigh: device is a keyboard
[ 55451.893] (II) event13 - Built-in iSight: Built-in iSigh: device removed
[ 55451.893] (**) Option "config_info" "udev:/sys/devices/pci0000:00/0000:00:04.1/usb1/1-6/1-6:1.0/input/input19/event13"
[ 55451.893] (II) XINPUT: Adding extended input device "Built-in iSight: Built-in iSigh" (type: KEYBOARD, id 13)
[ 55451.893] (**) Option "xkb_model" "pc105"
[ 55451.893] (**) Option "xkb_layout" "us"
[ 55451.899] (II) event13 - Built-in iSight: Built-in iSigh: is tagged by udev as: Keyboard
[ 55451.900] (II) event13 - Built-in iSight: Built-in iSigh: device is a keyboard
[ 55451.901] (II) config/udev: Adding input device HDA NVidia Headphone (/dev/input/event7)
[ 55451.901] (II) No input driver specified, ignoring this device.
[ 55451.901] (II) This device may have been added with another device file.
[ 55451.902] (II) config/udev: Adding input device HDA NVidia HDMI/DP,pcm=3 (/dev/input/event10)
[ 55451.902] (II) No input driver specified, ignoring this device.
[ 55451.902] (II) This device may have been added with another device file.
[ 55451.903] (II) config/udev: Adding input device HDA NVidia HDMI/DP,pcm=7 (/dev/input/event11)
[ 55451.903] (II) No input driver specified, ignoring this device.
[ 55451.903] (II) This device may have been added with another device file.
[ 55451.907] (II) config/udev: Adding input device HDA NVidia HDMI/DP,pcm=8 (/dev/input/event12)
[ 55451.907] (II) No input driver specified, ignoring this device.
[ 55451.908] (II) This device may have been added with another device file.
[ 55453.749] (II) modeset(0): EDID vendor "APP", prod id 40179
[ 55453.749] (II) modeset(0): Printing DDC gathered Modelines:
[ 55453.749] (II) modeset(0): Modeline "1366x768"x0.0   72.00  1366 1380 1436 1500  768 769 772 800 -hsync -vsync (48.0 kHz eP)
[ 55548.175] (II) modeset(0): EDID vendor "APP", prod id 40179
[ 55548.175] (II) modeset(0): Printing DDC gathered Modelines:
[ 55548.175] (II) modeset(0): Modeline "1366x768"x0.0   72.00  1366 1380 1436 1500  768 769 772 800 -hsync -vsync (48.0 kHz eP)
[ 55964.486] (EE) client bug: timer event6 debounce: scheduled expiry is in the past (-385ms), your system is too slow
[ 55964.502] (EE) client bug: timer event6 debounce short: scheduled expiry is in the past (-418ms), your system is too slow
[ 56049.273] (EE) client bug: timer event6 debounce short: scheduled expiry is in the past (-7ms), your system is too slow
[ 58101.010] (EE) event8  - bcm5974: kernel bug: Touch jump detected and discarded.
See https://wayland.freedesktop.org/libinput/doc/1.15.5/touchpad-jumping-cursors.html for details
[ 58101.056] (EE) event8  - bcm5974: kernel bug: Touch jump detected and discarded.
See https://wayland.freedesktop.org/libinput/doc/1.15.5/touchpad-jumping-cursors.html for details
[ 58101.056] (EE) event8  - bcm5974: kernel bug: Touch jump detected and discarded.
See https://wayland.freedesktop.org/libinput/doc/1.15.5/touchpad-jumping-cursors.html for details
[ 58117.454] (EE) client bug: timer event6 debounce short: scheduled expiry is in the past (-0ms), your system is too slow
[ 58804.883] (EE) event8  - bcm5974: kernel bug: Touch jump detected and discarded.
See https://wayland.freedesktop.org/libinput/doc/1.15.5/touchpad-jumping-cursors.html for details
[ 58804.915] (EE) event8  - bcm5974: kernel bug: Touch jump detected and discarded.
See https://wayland.freedesktop.org/libinput/doc/1.15.5/touchpad-jumping-cursors.html for details
[ 58804.915] (EE) event8  - bcm5974: WARNING: log rate limit exceeded (5 msgs per 7200000ms). Discarding future messages.
[ 59734.006] (II) modeset(0): Disabling kernel dirty updates, not required.
[ 59739.712] (EE) client bug: timer event6 debounce: scheduled expiry is in the past (-309ms), your system is too slow
[ 67030.006] (EE) event8  - bcm5974: kernel bug: Touch jump detected and discarded.
See https://wayland.freedesktop.org/libinput/doc/1.15.5/touchpad-jumping-cursors.html for details
[ 67030.334] (EE) event8  - bcm5974: kernel bug: Touch jump detected and discarded.
See https://wayland.freedesktop.org/libinput/doc/1.15.5/touchpad-jumping-cursors.html for details
[ 67033.017] (EE) event8  - bcm5974: kernel bug: Touch jump detected and discarded.
See https://wayland.freedesktop.org/libinput/doc/1.15.5/touchpad-jumping-cursors.html for details
[ 67093.527] (EE) event8  - bcm5974: kernel bug: Touch jump detected and discarded.
See https://wayland.freedesktop.org/libinput/doc/1.15.5/touchpad-jumping-cursors.html for details
[ 67124.494] (EE) event8  - bcm5974: kernel bug: Touch jump detected and discarded.
See https://wayland.freedesktop.org/libinput/doc/1.15.5/touchpad-jumping-cursors.html for details
[ 67124.494] (EE) event8  - bcm5974: WARNING: log rate limit exceeded (5 msgs per 7200000ms). Discarding future messages.
[ 70348.967] (EE) client bug: timer event6 debounce: scheduled expiry is in the past (-0ms), your system is too slow
[ 70349.013] (EE) client bug: timer event6 debounce short: scheduled expiry is in the past (-6ms), your system is too slow
[ 70352.363] (EE) client bug: timer event8 keyboard: scheduled expiry is in the past (-511ms), your system is too slow
[ 70357.568] (EE) client bug: timer event8 keyboard: scheduled expiry is in the past (-6442ms), your system is too slow
[ 70357.575] (II) event6  - RAPOO Rapoo 2.4G Wireless Device: SYN_DROPPED event - some input events have been lost.
